<testExecutions version="1">
<file path="test\unit.js">
<testCase name="AWS service: should based on credentials" duration="3"/>
</file>
<file path="test\integration.js">
<testCase name="POST /upload: responds with 200 to basic get" duration="12"/>
<testCase name="POST /upload: responds with 204 when no values found" duration="28"/>
<testCase name="POST /upload: responds with 200 when values found" duration="2"/>
<testCase name="POST /upload: responds with 204 if search values are invalid" duration="13"/>
<testCase name="POST /upload: responds with 200 if search values are valid" duration="2"/>
</file>
</testExecutions>
